<?xml version="1.0" encoding="UTF-8"?>
<!-- Generated by org.testng.reporters.JUnitXMLReporter -->
<testsuite ignored="0" hostname="Sufiyan" failures="1" tests="1" name="Test" time="5.216" errors="0" timestamp="2025-11-28T20:46:27 IST">
  <testcase classname="tests.loginTest" name="verifySuccessfulLogin" time="1.075">
    <failure type="java.lang.AssertionError" message="expected [Logged In Successfully | Practice Test Automation123] but found [Logged In Successfully | Practice Test Automation]">
      <![CDATA[java.lang.AssertionError: expected [Logged In Successfully | Practice Test Automation123] but found [Logged In Successfully | Practice Test Automation]
at tests.loginTest.verifySuccessfulLogin(loginTest.java:27)
at java.base/java.util.ArrayList.forEach(ArrayList.java:1596)
... Removed 31 stack frames]]>
    </failure>
  </testcase> <!-- verifySuccessfulLogin -->
</testsuite> <!-- Test -->
