<?xml version="1.0" encoding="UTF-8"?>
<testng-results ignored="0" total="1" passed="1" failed="0" skipped="0">
  <reporter-output>
  </reporter-output>
  <suite started-at="2025-11-28T16:56:41 IST" name="Suite" finished-at="2025-11-28T16:56:46 IST" duration-ms="5037">
    <groups>
    </groups>
    <test started-at="2025-11-28T16:56:41 IST" name="Test" finished-at="2025-11-28T16:56:46 IST" duration-ms="5037">
      <class name="tests.loginTest">
        <test-method is-config="true" signature="setUp()[pri:0, instance:tests.loginTest@5e0e82ae]" started-at="2025-11-28T16:56:41 IST" name="setUp" finished-at="2025-11-28T16:56:45 IST" duration-ms="3623" status="PASS">
          <reporter-output>
          </reporter-output>
        </test-method> <!-- setUp -->
        <test-method signature="verifySuccessfulLogin()[pri:1, instance:tests.loginTest@5e0e82ae]" started-at="2025-11-28T16:56:45 IST" name="verifySuccessfulLogin" description="Verify successful login with valid credentials" finished-at="2025-11-28T16:56:46 IST" duration-ms="1185" status="PASS">
          <reporter-output>
          </reporter-output>
        </test-method> <!-- verifySuccessfulLogin -->
        <test-method is-config="true" signature="tearDown()[pri:0, instance:tests.loginTest@5e0e82ae]" started-at="2025-11-28T16:56:46 IST" name="tearDown" finished-at="2025-11-28T16:56:46 IST" duration-ms="209" status="PASS">
          <reporter-output>
          </reporter-output>
        </test-method> <!-- tearDown -->
      </class> <!-- tests.loginTest -->
    </test> <!-- Test -->
  </suite> <!-- Suite -->
</testng-results>
