<?xml version="1.0" encoding="UTF-8"?>
<testng-results ignored="0" total="1" passed="1" failed="0" skipped="0">
  <reporter-output>
  </reporter-output>
  <suite started-at="2025-12-01T14:05:20 IST" name="Suite" finished-at="2025-12-01T14:05:31 IST" duration-ms="11265">
    <groups>
    </groups>
    <test started-at="2025-12-01T14:05:20 IST" name="Test" finished-at="2025-12-01T14:05:31 IST" duration-ms="11265">
      <class name="tests.loginTest">
        <test-method is-config="true" signature="setupReport()[pri:0, instance:tests.loginTest@544fa968]" started-at="2025-12-01T14:05:20 IST" name="setupReport" finished-at="2025-12-01T14:05:20 IST" duration-ms="234" status="PASS">
          <reporter-output>
          </reporter-output>
        </test-method> <!-- setupReport -->
        <test-method is-config="true" signature="setUp()[pri:0, instance:tests.loginTest@544fa968]" started-at="2025-12-01T14:05:20 IST" name="setUp" finished-at="2025-12-01T14:05:29 IST" duration-ms="9209" status="PASS">
          <reporter-output>
          </reporter-output>
        </test-method> <!-- setUp -->
        <test-method signature="verifySuccessfulLogin(java.lang.String,java.lang.String)[pri:0, instance:tests.loginTest@544fa968]" started-at="2025-12-01T14:05:29 IST" name="verifySuccessfulLogin" finished-at="2025-12-01T14:05:31 IST" duration-ms="1752" status="PASS">
          <params>
            <param index="0">
              <value>
                <![CDATA[student]]>
              </value>
            </param>
            <param index="1">
              <value>
                <![CDATA[Password123]]>
              </value>
            </param>
          </params>
          <reporter-output>
          </reporter-output>
        </test-method> <!-- verifySuccessfulLogin -->
        <test-method is-config="true" signature="tearDown(org.testng.ITestResult)[pri:0, instance:tests.loginTest@544fa968]" started-at="2025-12-01T14:05:31 IST" name="tearDown" finished-at="2025-12-01T14:05:31 IST" duration-ms="272" status="PASS">
          <params>
            <param index="0">
              <value>
                <![CDATA[[TestResult name=verifySuccessfulLogin status=SUCCESS method=loginTest.verifySuccessfulLogin(java.lang.String,java.lang.String)[pri:0, instance:tests.loginTest@544fa968] output={null}]]]>
              </value>
            </param>
          </params>
          <reporter-output>
          </reporter-output>
        </test-method> <!-- tearDown -->
        <test-method is-config="true" signature="teardownReport()[pri:0, instance:tests.loginTest@544fa968]" started-at="2025-12-01T14:05:32 IST" name="teardownReport" finished-at="2025-12-01T14:05:32 IST" duration-ms="273" status="PASS">
          <reporter-output>
          </reporter-output>
        </test-method> <!-- teardownReport -->
      </class> <!-- tests.loginTest -->
    </test> <!-- Test -->
  </suite> <!-- Suite -->
</testng-results>
