<?xml version="1.0" encoding="UTF-8"?>
<testng-results ignored="0" total="1" passed="1" failed="0" skipped="0">
  <reporter-output>
  </reporter-output>
  <suite started-at="2025-11-28T19:47:20 IST" name="Suite" finished-at="2025-11-28T19:47:27 IST" duration-ms="6244">
    <groups>
    </groups>
    <test started-at="2025-11-28T19:47:20 IST" name="Test" finished-at="2025-11-28T19:47:27 IST" duration-ms="6244">
      <class name="tests.loginTest">
        <test-method is-config="true" signature="setUp()[pri:0, instance:tests.loginTest@411f53a0]" started-at="2025-11-28T19:47:20 IST" name="setUp" finished-at="2025-11-28T19:47:25 IST" duration-ms="4632" status="PASS">
          <reporter-output>
          </reporter-output>
        </test-method> <!-- setUp -->
        <test-method signature="verifySuccessfulLogin()[pri:1, instance:tests.loginTest@411f53a0]" started-at="2025-11-28T19:47:25 IST" name="verifySuccessfulLogin" description="Verify successful login with valid credentials" finished-at="2025-11-28T19:47:26 IST" duration-ms="1435" status="PASS">
          <reporter-output>
          </reporter-output>
        </test-method> <!-- verifySuccessfulLogin -->
        <test-method is-config="true" signature="tearDown()[pri:0, instance:tests.loginTest@411f53a0]" started-at="2025-11-28T19:47:26 IST" name="tearDown" finished-at="2025-11-28T19:47:27 IST" duration-ms="154" status="PASS">
          <reporter-output>
          </reporter-output>
        </test-method> <!-- tearDown -->
      </class> <!-- tests.loginTest -->
    </test> <!-- Test -->
  </suite> <!-- Suite -->
</testng-results>
